<?xml version="1.0" encoding="UTF-8"?>
<!-- Generated by org.testng.reporters.JUnitReportReporter -->
<testsuite skipped="0" hostname="VENKAT-PC" name="com.leafBot.testcases.TC002_InputForm" tests="1" failures="0" timestamp="27 Jul 2019 09:43:09 GMT" time="19.785" errors="0">
  <testcase name="Input_form" time="19.785" classname="com.leafBot.testcases.TC002_InputForm"/>
</testsuite> <!-- com.leafBot.testcases.TC002_InputForm -->
